<?xml version="1.0" encoding="UTF-8"?>
<!-- Generated by org.testng.reporters.JUnitReportReporter -->
<testsuite skipped="0" hostname="mehdis-MacBook-Pro.local" name="de.htw.ai.kbe.resource.SongResourceTest" tests="5" failures="0" timestamp="11 Jun 2019 00:18:10 GMT" time="0.748" errors="0">
  <testcase name="findSongByID" time="0.163" classname="de.htw.ai.kbe.resource.SongResourceTest"/>
  <testcase name="putSongWithNonExistanceId" time="0.133" classname="de.htw.ai.kbe.resource.SongResourceTest"/>
  <testcase name="putSongWithNotSameId" time="0.112" classname="de.htw.ai.kbe.resource.SongResourceTest"/>
  <testcase name="putSongWithSameId" time="0.135" classname="de.htw.ai.kbe.resource.SongResourceTest"/>
  <testcase name="findAllSong" time="0.205" classname="de.htw.ai.kbe.resource.SongResourceTest"/>
</testsuite> <!-- de.htw.ai.kbe.resource.SongResourceTest -->
